<?xml version="1.0" encoding="UTF-8"?>
<!-- Generated by org.testng.reporters.JUnitReportReporter -->
<testsuite skipped="1" hostname="Kerims-MacBook-Pro.local" name="com.neotech.lesson02.EnableAndDisable" tests="2" failures="0" timestamp="2023-02-04T10:25:01 PST" time="0.004" errors="0">
  <testcase name="firstTest" time="0.004" classname="com.neotech.lesson02.EnableAndDisable"/>
  <system-out/>
  <testcase name="secondTest" classname="com.neotech.lesson02.EnableAndDisable">
    <skipped/>
  </testcase> <!-- secondTest -->
  <system-out/>
</testsuite> <!-- com.neotech.lesson02.EnableAndDisable -->
