<?xml version="1.0" encoding="UTF-8"?>
<!-- Generated by org.testng.reporters.JUnitReportReporter -->
<testsuite skipped="0" hostname="Kerims-MacBook-Pro.local" name="com.neotech.lesson03.AddEmployeeWithDataProvider" tests="3" failures="0" timestamp="2023-02-01T14:33:05 PST" time="109.090" errors="0">
  <testcase name="addEmployee" time="36.987" classname="com.neotech.lesson03.AddEmployeeWithDataProvider"/>
  <system-out/>
  <testcase name="addEmployee" time="37.197" classname="com.neotech.lesson03.AddEmployeeWithDataProvider"/>
  <system-out/>
  <testcase name="addEmployee" time="34.906" classname="com.neotech.lesson03.AddEmployeeWithDataProvider"/>
  <system-out/>
</testsuite> <!-- com.neotech.lesson03.AddEmployeeWithDataProvider -->
