<?xml version="1.0" encoding="UTF-8"?>
<!-- Generated by org.testng.reporters.JUnitReportReporter -->
<testsuite skipped="0" hostname="Kerims-MacBook-Pro.local" name="com.neotech.lesson01.TestNGAnnotations" tests="2" failures="0" timestamp="2023-02-02T23:26:14 PST" time="0.001" errors="0">
  <testcase name="test1" time="0.000" classname="com.neotech.lesson01.TestNGAnnotations"/>
  <system-out/>
  <testcase name="test2" time="0.001" classname="com.neotech.lesson01.TestNGAnnotations"/>
  <system-out/>
</testsuite> <!-- com.neotech.lesson01.TestNGAnnotations -->
