<?xml version="1.0" encoding="UTF-8"?>
<!-- Generated by org.testng.reporters.JUnitReportReporter -->
<testsuite skipped="1" hostname="Kerims-MacBook-Pro.local" name="com.neotech.lesson03.Homework1" tests="5" failures="0" timestamp="2023-01-31T23:16:49 PST" time="0.005" errors="0">
  <testcase name="fourthMethod" time="0.001" classname="com.neotech.lesson03.Homework1"/>
  <system-out/>
  <testcase name="thirdMethod" time="0.002" classname="com.neotech.lesson03.Homework1"/>
  <system-out/>
  <testcase name="secondMethod" time="0.001" classname="com.neotech.lesson03.Homework1"/>
  <system-out/>
  <testcase name="firstMethod" time="0.001" classname="com.neotech.lesson03.Homework1"/>
  <system-out/>
  <testcase name="firstMethod1" classname="com.neotech.lesson03.Homework1">
    <skipped/>
  </testcase> <!-- firstMethod1 -->
  <system-out/>
</testsuite> <!-- com.neotech.lesson03.Homework1 -->
