<?xml version="1.0" encoding="UTF-8"?>
<!-- Generated by org.testng.reporters.JUnitReportReporter -->
<testsuite skipped="0" hostname="Kerims-MacBook-Pro.local" name="com.neotech.lesson02.PriorityDemo" tests="2" failures="0" timestamp="2023-02-04T09:59:54 PST" time="0.003" errors="0">
  <testcase name="secondTest" time="0.002" classname="com.neotech.lesson02.PriorityDemo"/>
  <system-out/>
  <testcase name="thirdTest" time="0.001" classname="com.neotech.lesson02.PriorityDemo"/>
  <system-out/>
</testsuite> <!-- com.neotech.lesson02.PriorityDemo -->
