<?xml version="1.0" encoding="UTF-8"?>
<!-- Generated by org.testng.reporters.JUnitReportReporter -->
<testsuite skipped="0" hostname="Kerims-MacBook-Pro.local" name="com.neotech.lesson01.TestNGDemo" tests="1" failures="0" timestamp="2023-02-04T09:59:54 PST" time="0.006" errors="0">
  <testcase name="testOne" time="0.006" classname="com.neotech.lesson01.TestNGDemo"/>
  <system-out/>
</testsuite> <!-- com.neotech.lesson01.TestNGDemo -->
