<?xml version="1.0" encoding="UTF-8"?>
<!-- Generated by org.testng.reporters.JUnitReportReporter -->
<testsuite skipped="0" hostname="Kerims-MacBook-Pro.local" name="com.neotech.lesson03.GroupsDemo" tests="3" failures="0" timestamp="2023-01-31T23:17:56 PST" time="0.007" errors="0">
  <testcase name="test2" time="0.001" classname="com.neotech.lesson03.GroupsDemo"/>
  <system-out/>
  <testcase name="test1" time="0.006" classname="com.neotech.lesson03.GroupsDemo"/>
  <system-out/>
  <testcase name="test4" time="0.000" classname="com.neotech.lesson03.GroupsDemo"/>
  <system-out/>
</testsuite> <!-- com.neotech.lesson03.GroupsDemo -->
