<?xml version="1.0" encoding="UTF-8"?>
<!-- Generated by org.testng.reporters.JUnitReportReporter -->
<testsuite skipped="0" hostname="Kerims-MacBook-Pro.local" name="com.neotech.lesson04.Homework1" tests="3" failures="0" timestamp="2023-02-02T23:36:03 PST" time="86.411" errors="0">
  <testcase name="test" time="26.352" classname="com.neotech.lesson04.Homework1"/>
  <system-out/>
  <testcase name="test" time="30.785" classname="com.neotech.lesson04.Homework1"/>
  <system-out/>
  <testcase name="test" time="29.274" classname="com.neotech.lesson04.Homework1"/>
  <system-out/>
</testsuite> <!-- com.neotech.lesson04.Homework1 -->
