<?xml version="1.0" encoding="UTF-8"?>
<!-- Generated by org.testng.reporters.JUnitReportReporter -->
<testsuite skipped="0" hostname="Kerims-MacBook-Pro.local" name="com.neotech.tests.LoginTest" tests="1" failures="0" timestamp="2023-02-04T11:12:19 PST" time="12.286" errors="0">
  <testcase name="validLogin" time="12.286" classname="com.neotech.tests.LoginTest"/>
  <system-out/>
</testsuite> <!-- com.neotech.tests.LoginTest -->
