<?xml version="1.0" encoding="UTF-8"?>
<!-- Generated by org.testng.reporters.JUnitReportReporter -->
<testsuite skipped="0" hostname="Kerims-MacBook-Pro.local" name="com.neotech.lesson03.DataProviderDemo" tests="3" failures="0" timestamp="2023-01-31T18:35:00 PST" time="32.591" errors="0">
  <testcase name="LoginFunctionality" time="12.490" classname="com.neotech.lesson03.DataProviderDemo"/>
  <system-out/>
  <testcase name="LoginFunctionality" time="9.762" classname="com.neotech.lesson03.DataProviderDemo"/>
  <system-out/>
  <testcase name="LoginFunctionality" time="10.339" classname="com.neotech.lesson03.DataProviderDemo"/>
  <system-out/>
</testsuite> <!-- com.neotech.lesson03.DataProviderDemo -->
