<?xml version="1.0" encoding="UTF-8"?>
<!-- Generated by org.testng.reporters.JUnitReportReporter -->
<testsuite skipped="0" hostname="Kerims-MacBook-Pro.local" name="com.neotech.HW.HWTNG03" tests="3" failures="0" timestamp="2023-02-03T22:21:57 PST" time="87.438" errors="0">
  <testcase name="addEmp" time="28.537" classname="com.neotech.HW.HWTNG03"/>
  <system-out/>
  <testcase name="addEmp" time="28.650" classname="com.neotech.HW.HWTNG03"/>
  <system-out/>
  <testcase name="addEmp" time="30.251" classname="com.neotech.HW.HWTNG03"/>
  <system-out/>
</testsuite> <!-- com.neotech.HW.HWTNG03 -->
