<?xml version="1.0" encoding="UTF-8"?>
<!-- Generated by org.testng.reporters.JUnitReportReporter -->
<testsuite skipped="0" hostname="Kerims-MacBook-Pro.local" name="com.neotech.HW.HWTNG02" tests="1" failures="0" timestamp="2023-02-03T20:51:55 PST" time="20.115" errors="0">
  <testcase name="verify" time="20.115" classname="com.neotech.HW.HWTNG02"/>
  <system-out/>
</testsuite> <!-- com.neotech.HW.HWTNG02 -->
